# JRE version: Java(TM) SE Runtime Environment (8.0_45-b15) (build 1.8.0_45-b15)
# Java VM: Java HotSpot(TM) 64-Bit Server VM (25.45-b02 mixed mode windows-amd64 compressed oops)
Heap:
 PSYoungGen      total 41984K, used 22456K [0x00000000f5580000, 0x00000000f9180000, 0x0000000100000000)
  eden space 27648K, 49% used [0x00000000f5580000,0x00000000f62f5730,0x00000000f7080000)
  from space 14336K, 60% used [0x00000000f7080000,0x00000000f78f8958,0x00000000f7e80000)
  to   space 14848K, 0% used [0x00000000f8300000,0x00000000f8300000,0x00000000f9180000)
 ParOldGen       total 48128K, used 22812K [0x00000000e0000000, 0x00000000e2f00000, 0x00000000f5580000)
  object space 48128K, 47% used [0x00000000e0000000,0x00000000e1647378,0x00000000e2f00000)
 Metaspace       used 33796K, capacity 34870K, committed 35072K, reserved 1079296K
  class space    used 4724K, capacity 5031K, committed 5120K, reserved 1048576K
GC Heap History (10 events):
Event: 6.660 GC heap before
{Heap before GC invocations=14 (full 2):
 PSYoungGen      total 32768K, used 26624K [0x00000000f5580000, 0x00000000f8200000, 0x0000000100000000)
  eden space 26624K, 100% used [0x00000000f5580000,0x00000000f6f80000,0x00000000f6f80000)
  from space 6144K, 0% used [0x00000000f6f80000,0x00000000f6f80000,0x00000000f7580000)
  to   space 6656K, 0% used [0x00000000f7b80000,0x00000000f7b80000,0x00000000f8200000)
 ParOldGen       total 28672K, used 13927K [0x00000000e0000000, 0x00000000e1c00000, 0x00000000f5580000)
  object space 28672K, 48% used [0x00000000e0000000,0x00000000e0d99e90,0x00000000e1c00000)
 Metaspace       used 31448K, capacity 32360K, committed 32640K, reserved 1077248K
  class space    used 4396K, capacity 4660K, committed 4736K, reserved 1048576K
Event: 6.673 GC heap after
Heap after GC invocations=14 (full 2):
 PSYoungGen      total 33280K, used 6638K [0x00000000f5580000, 0x00000000f8c00000, 0x0000000100000000)
  eden space 26624K, 0% used [0x00000000f5580000,0x00000000f5580000,0x00000000f6f80000)
  from space 6656K, 99% used [0x00000000f7b80000,0x00000000f81fb828,0x00000000f8200000)
  to   space 12288K, 0% used [0x00000000f6f80000,0x00000000f6f80000,0x00000000f7b80000)
 ParOldGen       total 28672K, used 26293K [0x00000000e0000000, 0x00000000e1c00000, 0x00000000f5580000)
  object space 28672K, 91% used [0x00000000e0000000,0x00000000e19ad5d8,0x00000000e1c00000)
 Metaspace       used 31448K, capacity 32360K, committed 32640K, reserved 1077248K
  class space    used 4396K, capacity 4660K, committed 4736K, reserved 1048576K
}
Event: 6.673 GC heap before
{Heap before GC invocations=15 (full 3):
 PSYoungGen      total 33280K, used 6638K [0x00000000f5580000, 0x00000000f8c00000, 0x0000000100000000)
  eden space 26624K, 0% used [0x00000000f5580000,0x00000000f5580000,0x00000000f6f80000)
  from space 6656K, 99% used [0x00000000f7b80000,0x00000000f81fb828,0x00000000f8200000)
  to   space 12288K, 0% used [0x00000000f6f80000,0x00000000f6f80000,0x00000000f7b80000)
 ParOldGen       total 28672K, used 26293K [0x00000000e0000000, 0x00000000e1c00000, 0x00000000f5580000)
  object space 28672K, 91% used [0x00000000e0000000,0x00000000e19ad5d8,0x00000000e1c00000)
 Metaspace       used 31448K, capacity 32360K, committed 32640K, reserved 1077248K
  class space    used 4396K, capacity 4660K, committed 4736K, reserved 1048576K
Event: 6.892 GC heap after
Heap after GC invocations=15 (full 3):
 PSYoungGen      total 33280K, used 0K [0x00000000f5580000, 0x00000000f8c00000, 0x0000000100000000)
  eden space 26624K, 0% used [0x00000000f5580000,0x00000000f5580000,0x00000000f6f80000)
  from space 6656K, 0% used [0x00000000f7b80000,0x00000000f7b80000,0x00000000f8200000)
  to   space 12288K, 0% used [0x00000000f6f80000,0x00000000f6f80000,0x00000000f7b80000)
 ParOldGen       total 48128K, used 22625K [0x00000000e0000000, 0x00000000e2f00000, 0x00000000f5580000)
  object space 48128K, 47% used [0x00000000e0000000,0x00000000e1618518,0x00000000e2f00000)
 Metaspace       used 31448K, capacity 32360K, committed 32640K, reserved 1077248K
  class space    used 4396K, capacity 4660K, committed 4736K, reserved 1048576K
}
Event: 7.079 GC heap before
{Heap before GC invocations=16 (full 3):
 PSYoungGen      total 33280K, used 26624K [0x00000000f5580000, 0x00000000f8c00000, 0x0000000100000000)
  eden space 26624K, 100% used [0x00000000f5580000,0x00000000f6f80000,0x00000000f6f80000)
  from space 6656K, 0% used [0x00000000f7b80000,0x00000000f7b80000,0x00000000f8200000)
  to   space 12288K, 0% used [0x00000000f6f80000,0x00000000f6f80000,0x00000000f7b80000)
 ParOldGen       total 48128K, used 22625K [0x00000000e0000000, 0x00000000e2f00000, 0x00000000f5580000)
  object space 48128K, 47% used [0x00000000e0000000,0x00000000e1618530,0x00000000e2f00000)
 Metaspace       used 32017K, capacity 32964K, committed 33152K, reserved 1077248K
  class space    used 4470K, capacity 4732K, committed 4736K, reserved 1048576K
Event: 7.086 GC heap after
Heap after GC invocations=16 (full 3):
 PSYoungGen      total 38912K, used 8920K [0x00000000f5580000, 0x00000000f8b80000, 0x0000000100000000)
  eden space 26624K, 0% used [0x00000000f5580000,0x00000000f5580000,0x00000000f6f80000)
  from space 12288K, 72% used [0x00000000f6f80000,0x00000000f7836098,0x00000000f7b80000)
  to   space 13312K, 0% used [0x00000000f7e80000,0x00000000f7e80000,0x00000000f8b80000)
 ParOldGen       total 48128K, used 22633K [0x00000000e0000000, 0x00000000e2f00000, 0x00000000f5580000)
  object space 48128K, 47% used [0x00000000e0000000,0x00000000e161a530,0x00000000e2f00000)
 Metaspace       used 32017K, capacity 32964K, committed 33152K, reserved 1077248K
  class space    used 4470K, capacity 4732K, committed 4736K, reserved 1048576K
}
Event: 7.311 GC heap before
{Heap before GC invocations=17 (full 3):
 PSYoungGen      total 38912K, used 35544K [0x00000000f5580000, 0x00000000f8b80000, 0x0000000100000000)
  eden space 26624K, 100% used [0x00000000f5580000,0x00000000f6f80000,0x00000000f6f80000)
  from space 12288K, 72% used [0x00000000f6f80000,0x00000000f7836098,0x00000000f7b80000)
  to   space 13312K, 0% used [0x00000000f7e80000,0x00000000f7e80000,0x00000000f8b80000)
 ParOldGen       total 48128K, used 22796K [0x00000000e0000000, 0x00000000e2f00000, 0x00000000f5580000)
  object space 48128K, 47% used [0x00000000e0000000,0x00000000e1643378,0x00000000e2f00000)
 Metaspace       used 32356K, capacity 33320K, committed 33536K, reserved 1077248K
  class space    used 4513K, capacity 4782K, committed 4864K, reserved 1048576K
Event: 7.323 GC heap after
Heap after GC invocations=17 (full 3):
 PSYoungGen      total 40960K, used 9897K [0x00000000f5580000, 0x00000000f8f00000, 0x0000000100000000)
  eden space 27648K, 0% used [0x00000000f5580000,0x00000000f5580000,0x00000000f7080000)
  from space 13312K, 74% used [0x00000000f7e80000,0x00000000f882a6e8,0x00000000f8b80000)
  to   space 14336K, 0% used [0x00000000f7080000,0x00000000f7080000,0x00000000f7e80000)
 ParOldGen       total 48128K, used 22804K [0x00000000e0000000, 0x00000000e2f00000, 0x00000000f5580000)
  object space 48128K, 47% used [0x00000000e0000000,0x00000000e1645378,0x00000000e2f00000)
 Metaspace       used 32356K, capacity 33320K, committed 33536K, reserved 1077248K
  class space    used 4513K, capacity 4782K, committed 4864K, reserved 1048576K
}
Event: 7.485 GC heap before
{Heap before GC invocations=18 (full 3):
 PSYoungGen      total 40960K, used 37545K [0x00000000f5580000, 0x00000000f8f00000, 0x0000000100000000)
  eden space 27648K, 100% used [0x00000000f5580000,0x00000000f7080000,0x00000000f7080000)
  from space 13312K, 74% used [0x00000000f7e80000,0x00000000f882a6e8,0x00000000f8b80000)
  to   space 14336K, 0% used [0x00000000f7080000,0x00000000f7080000,0x00000000f7e80000)
 ParOldGen       total 48128K, used 22804K [0x00000000e0000000, 0x00000000e2f00000, 0x00000000f5580000)
  object space 48128K, 47% used [0x00000000e0000000,0x00000000e1645378,0x00000000e2f00000)
 Metaspace       used 32400K, capacity 33380K, committed 33536K, reserved 1077248K
  class space    used 4520K, capacity 4818K, committed 4864K, reserved 1048576K
Event: 7.491 GC heap after
Heap after GC invocations=18 (full 3):
 PSYoungGen      total 41984K, used 8674K [0x00000000f5580000, 0x00000000f9180000, 0x0000000100000000)
  eden space 27648K, 0% used [0x00000000f5580000,0x00000000f5580000,0x00000000f7080000)
  from space 14336K, 60% used [0x00000000f7080000,0x00000000f78f8958,0x00000000f7e80000)
  to   space 14848K, 0% used [0x00000000f8300000,0x00000000f8300000,0x00000000f9180000)
 ParOldGen       total 48128K, used 22812K [0x00000000e0000000, 0x00000000e2f00000, 0x00000000f5580000)
  object space 48128K, 47% used [0x00000000e0000000,0x00000000e1647378,0x00000000e2f00000)
 Metaspace       used 32400K, capacity 33380K, committed 33536K, reserved 1077248K
  class space    used 4520K, capacity 4818K, committed 4864K, reserved 1048576K
}

